<?xml version="1.0" encoding="UTF-8"?>
<!-- Generated by org.testng.reporters.JUnitReportReporter -->
<testsuite hostname="LAPTOP-NBCD1KMT" failures="0" tests="2" name="Test.TestCase4" time="24.080" errors="0" timestamp="2024-10-06T12:19:35 IST" skipped="0">
  <testcase classname="Test.TestCase4" name="setBrowserConfig" time="13.619"/>
  <testcase classname="Test.TestCase4" name="funtionaltest" time="10.461"/>
</testsuite> <!-- Test.TestCase4 -->
