<?xml version="1.0" encoding="UTF-8"?>
<!-- Generated by org.testng.reporters.JUnitReportReporter -->
<testsuite hostname="LAPTOP-NBCD1KMT" failures="0" tests="2" name="Test.TestCase5" time="19.740" errors="0" timestamp="2024-10-06T12:33:21 IST" skipped="0">
  <testcase classname="Test.TestCase5" name="setBrowserConfig" time="15.085"/>
  <testcase classname="Test.TestCase5" name="funtionaltest" time="4.655"/>
</testsuite> <!-- Test.TestCase5 -->
