<?xml version="1.0" encoding="UTF-8"?>
<!-- Generated by org.testng.reporters.JUnitReportReporter -->
<testsuite hostname="LAPTOP-NBCD1KMT" failures="0" tests="2" name="Test.TestCase22" time="25.029" errors="0" timestamp="2024-11-11T13:22:11 IST" skipped="0">
  <testcase classname="Test.TestCase22" name="setBrowserConfig" time="12.891"/>
  <testcase classname="Test.TestCase22" name="regression" time="12.138"/>
</testsuite> <!-- Test.TestCase22 -->
