<?xml version="1.0" encoding="UTF-8"?>
<!-- Generated by org.testng.reporters.JUnitReportReporter -->
<testsuite hostname="LAPTOP-NBCD1KMT" failures="0" tests="2" name="Test.TestCase18" time="22.528" errors="0" timestamp="2024-11-10T15:22:08 IST" skipped="0">
  <testcase classname="Test.TestCase18" name="setBrowserConfig" time="12.616"/>
  <testcase classname="Test.TestCase18" name="SignUp" time="9.912"/>
</testsuite> <!-- Test.TestCase18 -->
