<?xml version="1.0" encoding="UTF-8"?>
<!-- Generated by org.testng.reporters.JUnitReportReporter -->
<testsuite hostname="LAPTOP-NBCD1KMT" failures="0" tests="3" name="Test.TestCase8" time="41.020" errors="0" timestamp="2024-11-06T13:57:03 IST" skipped="0">
  <testcase classname="Test.TestCase8" name="setBrowserConfig" time="13.621"/>
  <testcase classname="Test.TestCase8" name="funtionaltest" time="26.980"/>
  <testcase classname="Test.TestCase8" name="logout" time="0.419"/>
</testsuite> <!-- Test.TestCase8 -->
