<?xml version="1.0" encoding="UTF-8"?>
<!-- Generated by org.testng.reporters.JUnitReportReporter -->
<testsuite hostname="LAPTOP-NBCD1KMT" failures="0" tests="2" name="Test.TestCase2" time="43.054" errors="0" timestamp="2024-10-06T11:10:25 IST" skipped="0">
  <testcase classname="Test.TestCase2" name="setBrowserConfig" time="24.409"/>
  <testcase classname="Test.TestCase2" name="funtionaltest" time="18.645"/>
</testsuite> <!-- Test.TestCase2 -->
