<?xml version="1.0" encoding="UTF-8"?>
<!-- Generated by org.testng.reporters.JUnitReportReporter -->
<testsuite hostname="LAPTOP-NBCD1KMT" failures="0" tests="4" name="Test.TestCase15" time="439.921" errors="0" timestamp="2024-11-08T15:54:55 IST" skipped="0">
  <testcase classname="Test.TestCase15" name="setBrowserConfig" time="17.006"/>
  <testcase classname="Test.TestCase15" name="SignUp" time="37.835"/>
  <testcase classname="Test.TestCase15" name="functional" time="364.812"/>
  <testcase classname="Test.TestCase15" name="functional2" time="20.268"/>
</testsuite> <!-- Test.TestCase15 -->
