<?xml version="1.0" encoding="UTF-8"?>
<!-- Generated by org.testng.reporters.JUnitReportReporter -->
<testsuite hostname="LAPTOP-NBCD1KMT" failures="0" tests="3" name="Test.TestCase17" time="403.605" errors="0" timestamp="2024-11-10T13:45:48 IST" skipped="0">
  <testcase classname="Test.TestCase17" name="setBrowserConfig" time="37.383"/>
  <testcase classname="Test.TestCase17" name="SignUp" time="10.922"/>
  <testcase classname="Test.TestCase17" name="regression" time="355.300"/>
</testsuite> <!-- Test.TestCase17 -->
