<?xml version="1.0" encoding="UTF-8"?>
<!-- Generated by org.testng.reporters.JUnitReportReporter -->
<testsuite hostname="LAPTOP-NBCD1KMT" failures="0" tests="2" name="Test.TestCase7" time="13.868" errors="0" timestamp="2024-10-07T14:29:12 IST" skipped="0">
  <testcase classname="Test.TestCase7" name="setBrowserConfig" time="7.397"/>
  <testcase classname="Test.TestCase7" name="funtionaltest" time="6.471"/>
</testsuite> <!-- Test.TestCase7 -->
