<?xml version="1.0" encoding="UTF-8"?>
<!-- Generated by org.testng.reporters.JUnitReportReporter -->
<testsuite hostname="LAPTOP-NBCD1KMT" failures="0" tests="2" name="Test.TestCase3" time="20.285" errors="0" timestamp="2024-10-06T11:51:28 IST" skipped="0">
  <testcase classname="Test.TestCase3" name="setBrowserConfig" time="13.766"/>
  <testcase classname="Test.TestCase3" name="funtionaltest" time="6.519"/>
</testsuite> <!-- Test.TestCase3 -->
