<?xml version="1.0" encoding="UTF-8"?>
<!-- Generated by org.testng.reporters.JUnitReportReporter -->
<testsuite hostname="LAPTOP-NBCD1KMT" failures="0" tests="3" name="Test.TestCase10" time="22.996" errors="0" timestamp="2024-11-06T17:21:58 IST" skipped="0">
  <testcase classname="Test.TestCase10" name="setBrowserConfig" time="16.661"/>
  <testcase classname="Test.TestCase10" name="funtionaltest" time="4.099"/>
  <testcase classname="Test.TestCase10" name="logout" time="2.236"/>
</testsuite> <!-- Test.TestCase10 -->
