<?xml version="1.0" encoding="UTF-8"?>
<!-- Generated by org.testng.reporters.JUnitReportReporter -->
<testsuite hostname="LAPTOP-NBCD1KMT" failures="0" tests="2" name="Test.TestCase12" time="37.494" errors="0" timestamp="2024-11-07T12:37:58 IST" skipped="0">
  <testcase classname="Test.TestCase12" name="setBrowserConfig" time="13.250"/>
  <testcase classname="Test.TestCase12" name="funtionaltest" time="24.244"/>
</testsuite> <!-- Test.TestCase12 -->
