<?xml version="1.0" encoding="UTF-8"?>
<!-- Generated by org.testng.reporters.JUnitReportReporter -->
<testsuite hostname="LAPTOP-NBCD1KMT" failures="0" tests="3" name="Test.TestCase26" time="14.724" errors="0" timestamp="2024-11-11T15:19:31 IST" skipped="0">
  <testcase classname="Test.TestCase26" name="setBrowserConfig" time="14.206"/>
  <testcase classname="Test.TestCase26" name="regression" time="0.307"/>
  <testcase classname="Test.TestCase26" name="logout" time="0.211"/>
</testsuite> <!-- Test.TestCase26 -->
