<?xml version="1.0" encoding="UTF-8"?>
<!-- Generated by org.testng.reporters.JUnitReportReporter -->
<testsuite hostname="LAPTOP-NBCD1KMT" failures="0" tests="3" name="Test.TestCase11" time="11.976" errors="0" timestamp="2024-11-06T17:23:50 IST" skipped="0">
  <testcase classname="Test.TestCase11" name="setBrowserConfig" time="8.554"/>
  <testcase classname="Test.TestCase11" name="funtionaltest" time="2.900"/>
  <testcase classname="Test.TestCase11" name="logout" time="0.522"/>
</testsuite> <!-- Test.TestCase11 -->
