<?xml version="1.0" encoding="UTF-8"?>
<!-- Generated by org.testng.reporters.JUnitReportReporter -->
<testsuite hostname="LAPTOP-NBCD1KMT" failures="0" tests="1" name="Pages.base_excelutility" time="18.098" errors="0" timestamp="2024-10-08T16:10:03 IST" skipped="0">
  <testcase classname="Pages.base_excelutility" name="login" time="18.098"/>
</testsuite> <!-- Pages.base_excelutility -->
