<?xml version="1.0" encoding="UTF-8"?>
<!-- Generated by org.testng.reporters.JUnitReportReporter -->
<testsuite hostname="LAPTOP-NBCD1KMT" failures="0" tests="2" name="Test.TestCase25" time="16.877" errors="0" timestamp="2024-11-11T15:13:04 IST" skipped="0">
  <testcase classname="Test.TestCase25" name="setBrowserConfig" time="15.909"/>
  <testcase classname="Test.TestCase25" name="regression" time="0.968"/>
</testsuite> <!-- Test.TestCase25 -->
