<?xml version="1.0" encoding="UTF-8"?>
<!-- Generated by org.testng.reporters.JUnitReportReporter -->
<testsuite hostname="LAPTOP-NBCD1KMT" failures="0" tests="2" name="Test.TestCase6" time="26.808" errors="0" timestamp="2024-10-07T13:53:02 IST" skipped="0">
  <testcase classname="Test.TestCase6" name="setBrowserConfig" time="11.089"/>
  <testcase classname="Test.TestCase6" name="funtionaltest" time="15.719"/>
</testsuite> <!-- Test.TestCase6 -->
